
Training model:
Traceback (most recent call last):
  File "/raid/home/automathon_2024/account13/.local/lib/python3.10/site-packages/torchinfo/torchinfo.py", line 295, in forward_pass
    _ = model(*x, **kwargs)
  File "/raid/home/automathon_2024/account13/.local/lib/python3.10/site-packages/torch/nn/modules/module.py", line 1532, in _wrapped_call_impl
    return self._call_impl(*args, **kwargs)
  File "/raid/home/automathon_2024/account13/.local/lib/python3.10/site-packages/torch/nn/modules/module.py", line 1582, in _call_impl
    result = forward_call(*args, **kwargs)
  File "/raid/home/automathon_2024/account13/anon/automathon-2024/run.py", line 257, in forward
    y = self.dense(y)
  File "/raid/home/automathon_2024/account13/.local/lib/python3.10/site-packages/torch/nn/modules/module.py", line 1532, in _wrapped_call_impl
    return self._call_impl(*args, **kwargs)
  File "/raid/home/automathon_2024/account13/.local/lib/python3.10/site-packages/torch/nn/modules/module.py", line 1582, in _call_impl
    result = forward_call(*args, **kwargs)
  File "/raid/home/automathon_2024/account13/.local/lib/python3.10/site-packages/torch/nn/modules/linear.py", line 116, in forward
    return F.linear(input, self.weight, self.bias)
RuntimeError: mat1 and mat2 shapes cannot be multiplied (320x1000 and 1966080x1)
The above exception was the direct cause of the following exception:
Traceback (most recent call last):
  File "/raid/home/automathon_2024/account13/anon/automathon-2024/run.py", line 277, in <module>
    summary(model, input_size=(batch_size, 3, 10, 256, 256))
  File "/raid/home/automathon_2024/account13/.local/lib/python3.10/site-packages/torchinfo/torchinfo.py", line 223, in summary
    summary_list = forward_pass(
  File "/raid/home/automathon_2024/account13/.local/lib/python3.10/site-packages/torchinfo/torchinfo.py", line 304, in forward_pass
    raise RuntimeError(
RuntimeError: Failed to run torchinfo. See above stack traces for more details. Executed layers up to: [ResNet: 1, Conv2d: 2, BatchNorm2d: 2, ReLU: 2, MaxPool2d: 2, Sequential: 2, BasicBlock: 3, Conv2d: 4, BatchNorm2d: 4, Identity: 4, ReLU: 4, Identity: 4, Conv2d: 4, BatchNorm2d: 4, ReLU: 4, BasicBlock: 3, Conv2d: 4, BatchNorm2d: 4, Identity: 4, ReLU: 4, Identity: 4, Conv2d: 4, BatchNorm2d: 4, ReLU: 4, Sequential: 2, BasicBlock: 3, Conv2d: 4, BatchNorm2d: 4, Identity: 4, ReLU: 4, Identity: 4, Conv2d: 4, BatchNorm2d: 4, Sequential: 4, Conv2d: 5, BatchNorm2d: 5, ReLU: 4, BasicBlock: 3, Conv2d: 4, BatchNorm2d: 4, Identity: 4, ReLU: 4, Identity: 4, Conv2d: 4, BatchNorm2d: 4, ReLU: 4, Sequential: 2, BasicBlock: 3, Conv2d: 4, BatchNorm2d: 4, Identity: 4, ReLU: 4, Identity: 4, Conv2d: 4, BatchNorm2d: 4, Sequential: 4, Conv2d: 5, BatchNorm2d: 5, ReLU: 4, BasicBlock: 3, Conv2d: 4, BatchNorm2d: 4, Identity: 4, ReLU: 4, Identity: 4, Conv2d: 4, BatchNorm2d: 4, ReLU: 4, Sequential: 2, BasicBlock: 3, Conv2d: 4, BatchNorm2d: 4, Identity: 4, ReLU: 4, Identity: 4, Conv2d: 4, BatchNorm2d: 4, Sequential: 4, Conv2d: 5, BatchNorm2d: 5, ReLU: 4, BasicBlock: 3, Conv2d: 4, BatchNorm2d: 4, Identity: 4, ReLU: 4, Identity: 4, Conv2d: 4, BatchNorm2d: 4, ReLU: 4, SelectAdaptivePool2d: 2, AdaptiveAvgPool2d: 3, Flatten: 3, Linear: 2, Flatten: 1]